Flow report for digital_cam_impl1
Thu May 23 18:38:14 2019
Quartus Prime Version 16.1.2 Build 203 01/18/2017 SJ Lite Edition


---------------------
; Table of Contents ;
---------------------
  1. Legal Notice
  2. Flow Summary
  3. Flow Settings
  4. Flow Non-Default Global Settings
  5. Flow Elapsed Time
  6. Flow OS Summary
  7. Flow Log
  8. Flow Messages
  9. Flow Suppressed Messages



----------------
; Legal Notice ;
----------------
Copyright (C) 2017  Intel Corporation. All rights reserved.
Your use of Intel Corporation's design tools, logic functions 
and other software and tools, and its AMPP partner logic 
functions, and any output files from any of the foregoing 
(including device programming or simulation files), and any 
associated documentation or information are expressly subject 
to the terms and conditions of the Intel Program License 
Subscription Agreement, the Intel Quartus Prime License Agreement,
the Intel MegaCore Function License Agreement, or other 
applicable license agreement, including, without limitation, 
that your use is for the sole purpose of programming logic 
devices manufactured by Intel and sold by Intel or its 
authorized distributors.  Please refer to the applicable 
agreement for further details.



+-------------------------------------------------------------------------------------------+
; Flow Summary                                                                              ;
+------------------------------------+------------------------------------------------------+
; Flow Status                        ; EDA Netlist Writer Failed - Thu May 23 18:38:14 2019 ;
; Quartus Prime Version              ; 16.1.2 Build 203 01/18/2017 SJ Lite Edition          ;
; Revision Name                      ; digital_cam_impl1                                    ;
; Top-level Entity Name              ; digital_cam_impl1                                    ;
; Family                             ; Cyclone IV E                                         ;
; Device                             ; EP4CE115F29C7                                        ;
; Timing Models                      ; Final                                                ;
; Total logic elements               ; 10,373 / 114,480 ( 9 % )                             ;
;     Total combinational functions  ; 9,412 / 114,480 ( 8 % )                              ;
;     Dedicated logic registers      ; 6,063 / 114,480 ( 5 % )                              ;
; Total registers                    ; 6182                                                 ;
; Total pins                         ; 229 / 529 ( 43 % )                                   ;
; Total virtual pins                 ; 0                                                    ;
; Total memory bits                  ; 1,681,408 / 3,981,312 ( 42 % )                       ;
; Embedded Multiplier 9-bit elements ; 16 / 532 ( 3 % )                                     ;
; Total PLLs                         ; 2 / 4 ( 50 % )                                       ;
+------------------------------------+------------------------------------------------------+


+-----------------------------------------+
; Flow Settings                           ;
+-------------------+---------------------+
; Option            ; Setting             ;
+-------------------+---------------------+
; Start date & time ; 05/23/2019 18:34:04 ;
; Main task         ; Compilation         ;
; Revision Name     ; digital_cam_impl1   ;
+-------------------+---------------------+


+----------------------------------------------------------------------------------------------------------------------------------------------------------+
; Flow Non-Default Global Settings                                                                                                                         ;
+-------------------------------------+---------------------------------------------------------------+---------------+-------------------+----------------+
; Assignment Name                     ; Value                                                         ; Default Value ; Entity Name       ; Section Id     ;
+-------------------------------------+---------------------------------------------------------------+---------------+-------------------+----------------+
; COMPILER_SIGNATURE_ID               ; 93094393028683.155862924428364                                ; --            ; --                ; --             ;
; EDA_OUTPUT_DATA_FORMAT              ; Vhdl                                                          ; --            ; --                ; eda_simulation ;
; EDA_SIMULATION_TOOL                 ; ModelSim-Altera (VHDL)                                        ; <None>        ; --                ; --             ;
; MAX_CORE_JUNCTION_TEMP              ; 85                                                            ; --            ; --                ; --             ;
; MIN_CORE_JUNCTION_TEMP              ; 0                                                             ; --            ; --                ; --             ;
; MISC_FILE                           ; nios_system/synthesis/../nios_system.cmp                      ; --            ; --                ; --             ;
; MISC_FILE                           ; nios_system/synthesis/../../nios_system.qsys                  ; --            ; --                ; --             ;
; MISC_FILE                           ; my_altpll.cmp                                                 ; --            ; --                ; --             ;
; MISC_FILE                           ; my_altpll.ppf                                                 ; --            ; --                ; --             ;
; MISC_FILE                           ; my_frame_buffer_15to0.cmp                                     ; --            ; --                ; --             ;
; OUTPUT_IO_TIMING_FAR_END_VMEAS      ; Half Signal Swing                                             ; --            ; --                ; --             ;
; OUTPUT_IO_TIMING_FAR_END_VMEAS      ; Half Signal Swing                                             ; --            ; --                ; --             ;
; OUTPUT_IO_TIMING_NEAR_END_VMEAS     ; Half Vccio                                                    ; --            ; --                ; --             ;
; OUTPUT_IO_TIMING_NEAR_END_VMEAS     ; Half Vccio                                                    ; --            ; --                ; --             ;
; PARTITION_COLOR                     ; -- (Not supported for targeted family)                        ; --            ; --                ; Top            ;
; PARTITION_COLOR                     ; -- (Not supported for targeted family)                        ; --            ; digital_cam_impl2 ; Top            ;
; PARTITION_FITTER_PRESERVATION_LEVEL ; -- (Not supported for targeted family)                        ; --            ; --                ; Top            ;
; PARTITION_FITTER_PRESERVATION_LEVEL ; -- (Not supported for targeted family)                        ; --            ; digital_cam_impl2 ; Top            ;
; PARTITION_NETLIST_TYPE              ; -- (Not supported for targeted family)                        ; --            ; --                ; Top            ;
; PARTITION_NETLIST_TYPE              ; -- (Not supported for targeted family)                        ; --            ; digital_cam_impl2 ; Top            ;
; POWER_BOARD_THERMAL_MODEL           ; None (CONSERVATIVE)                                           ; --            ; --                ; --             ;
; POWER_PRESET_COOLING_SOLUTION       ; 23 MM HEAT SINK WITH 200 LFPM AIRFLOW                         ; --            ; --                ; --             ;
; PROJECT_OUTPUT_DIRECTORY            ; output_files                                                  ; --            ; --                ; --             ;
; SLD_FILE                            ; nios_system/synthesis/nios_system.regmap                      ; --            ; --                ; --             ;
; SLD_FILE                            ; nios_system/synthesis/nios_system.debuginfo                   ; --            ; --                ; --             ;
; SLD_INFO                            ; QSYS_NAME nios_system HAS_SOPCINFO 1 GENERATION_ID 1558616733 ; --            ; nios_system       ; --             ;
; SOPCINFO_FILE                       ; nios_system/synthesis/../../nios_system.sopcinfo              ; --            ; --                ; --             ;
; SYNTHESIS_ONLY_QIP                  ; On                                                            ; --            ; --                ; --             ;
+-------------------------------------+---------------------------------------------------------------+---------------+-------------------+----------------+


+-------------------------------------------------------------------------------------------------------------------------------+
; Flow Elapsed Time                                                                                                             ;
+---------------------------+--------------+-------------------------+---------------------+------------------------------------+
; Module Name               ; Elapsed Time ; Average Processors Used ; Peak Virtual Memory ; Total CPU Time (on all processors) ;
+---------------------------+--------------+-------------------------+---------------------+------------------------------------+
; Analysis & Synthesis      ; 00:02:02     ; 1.0                     ; 5203 MB             ; 00:02:41                           ;
; Fitter                    ; 00:01:25     ; 1.0                     ; 5669 MB             ; 00:01:47                           ;
; Assembler                 ; 00:00:07     ; 1.0                     ; 4756 MB             ; 00:00:07                           ;
; TimeQuest Timing Analyzer ; 00:00:11     ; 1.2                     ; 4975 MB             ; 00:00:12                           ;
; EDA Netlist Writer        ; 00:00:04     ; 1.0                     ; 4766 MB             ; 00:00:04                           ;
; Total                     ; 00:03:49     ; --                      ; --                  ; 00:04:51                           ;
+---------------------------+--------------+-------------------------+---------------------+------------------------------------+


+------------------------------------------------------------------------------------------------+
; Flow OS Summary                                                                                ;
+---------------------------+-------------------------+------------+------------+----------------+
; Module Name               ; Machine Hostname        ; OS Name    ; OS Version ; Processor type ;
+---------------------------+-------------------------+------------+------------+----------------+
; Analysis & Synthesis      ; Laptop-Jasper-Hoogeveen ; Windows 10 ; 10.0       ; x86_64         ;
; Fitter                    ; Laptop-Jasper-Hoogeveen ; Windows 10 ; 10.0       ; x86_64         ;
; Assembler                 ; Laptop-Jasper-Hoogeveen ; Windows 10 ; 10.0       ; x86_64         ;
; TimeQuest Timing Analyzer ; Laptop-Jasper-Hoogeveen ; Windows 10 ; 10.0       ; x86_64         ;
; EDA Netlist Writer        ; Laptop-Jasper-Hoogeveen ; Windows 10 ; 10.0       ; x86_64         ;
+---------------------------+-------------------------+------------+------------+----------------+


------------
; Flow Log ;
------------
quartus_map --read_settings_files=on --write_settings_files=off digital_cam_impl1 -c digital_cam_impl1
quartus_fit --read_settings_files=off --write_settings_files=off digital_cam_impl1 -c digital_cam_impl1
quartus_asm --read_settings_files=off --write_settings_files=off digital_cam_impl1 -c digital_cam_impl1
quartus_sta digital_cam_impl1 -c digital_cam_impl1
quartus_eda --read_settings_files=off --write_settings_files=off digital_cam_impl1 -c digital_cam_impl1



