Info: Starting: Create block symbol file (.bsf)
Info: qsys-generate C:\Users\jasper\Desktop\VHDL\quartusLiteFiles\Projecten\KBSESA2V6\digital_cam_impl1\camerametnios.qsys --block-symbol-file --output-directory=C:\Users\jasper\Desktop\VHDL\quartusLiteFiles\Projecten\KBSESA2V6\digital_cam_impl1\camerametnios --family="Cyclone IV E" --part=EP4CE115F29C7
Progress: Loading digital_cam_impl1/camerametnios.qsys
Progress: Reading input file
Progress: Adding camera_input_0 [altera_avalon_pio 16.1]
Progress: Parameterizing module camera_input_0
Progress: Adding camera_input_1 [altera_avalon_pio 16.1]
Progress: Parameterizing module camera_input_1
Progress: Adding camera_input_2 [altera_avalon_pio 16.1]
Progress: Parameterizing module camera_input_2
Progress: Adding camera_input_3 [altera_avalon_pio 16.1]
Progress: Parameterizing module camera_input_3
Progress: Adding camera_input_4 [altera_avalon_pio 16.1]
Progress: Parameterizing module camera_input_4
Progress: Adding camera_input_5 [altera_avalon_pio 16.1]
Progress: Parameterizing module camera_input_5
Progress: Adding camera_input_6 [altera_avalon_pio 16.1]
Progress: Parameterizing module camera_input_6
Progress: Adding camera_input_7 [altera_avalon_pio 16.1]
Progress: Parameterizing module camera_input_7
Progress: Adding camera_input_8 [altera_avalon_pio 16.1]
Progress: Parameterizing module camera_input_8
Progress: Adding camera_input_9 [altera_avalon_pio 16.1]
Progress: Parameterizing module camera_input_9
Progress: Adding clk_0 [clock_source 16.1]
Progress: Parameterizing module clk_0
Progress: Adding jtag_uart_0 [altera_avalon_jtag_uart 16.1]
Progress: Parameterizing module jtag_uart_0
Progress: Adding nios2_gen2_0 [altera_nios2_gen2 16.1]
Progress: Parameterizing module nios2_gen2_0
Progress: Adding onchip_memory2_0 [altera_avalon_onchip_memory2 16.1]
Progress: Parameterizing module onchip_memory2_0
Progress: Building connections
Progress: Parameterizing connections
Progress: Validating
Progress: Done reading input file
Info: camerametnios.camera_input_0: PIO inputs are not hardwired in test bench. Undefined values will be read from PIO inputs during simulation.
Info: camerametnios.camera_input_1: PIO inputs are not hardwired in test bench. Undefined values will be read from PIO inputs during simulation.
Info: camerametnios.camera_input_2: PIO inputs are not hardwired in test bench. Undefined values will be read from PIO inputs during simulation.
Info: camerametnios.camera_input_3: PIO inputs are not hardwired in test bench. Undefined values will be read from PIO inputs during simulation.
Info: camerametnios.camera_input_4: PIO inputs are not hardwired in test bench. Undefined values will be read from PIO inputs during simulation.
Info: camerametnios.camera_input_5: PIO inputs are not hardwired in test bench. Undefined values will be read from PIO inputs during simulation.
Info: camerametnios.camera_input_6: PIO inputs are not hardwired in test bench. Undefined values will be read from PIO inputs during simulation.
Info: camerametnios.camera_input_7: PIO inputs are not hardwired in test bench. Undefined values will be read from PIO inputs during simulation.
Info: camerametnios.camera_input_8: PIO inputs are not hardwired in test bench. Undefined values will be read from PIO inputs during simulation.
Info: camerametnios.camera_input_9: PIO inputs are not hardwired in test bench. Undefined values will be read from PIO inputs during simulation.
Info: camerametnios.jtag_uart_0: JTAG UART IP input clock need to be at least double (2x) the operating frequency of JTAG TCK on board
Info: qsys-generate succeeded.
Info: Finished: Create block symbol file (.bsf)
Info: 
Info: Starting: Create HDL design files for synthesis
Info: qsys-generate C:\Users\jasper\Desktop\VHDL\quartusLiteFiles\Projecten\KBSESA2V6\digital_cam_impl1\camerametnios.qsys --synthesis=VHDL --output-directory=C:\Users\jasper\Desktop\VHDL\quartusLiteFiles\Projecten\KBSESA2V6\digital_cam_impl1\camerametnios\synthesis --family="Cyclone IV E" --part=EP4CE115F29C7
Progress: Loading digital_cam_impl1/camerametnios.qsys
Progress: Reading input file
Progress: Adding camera_input_0 [altera_avalon_pio 16.1]
Progress: Parameterizing module camera_input_0
Progress: Adding camera_input_1 [altera_avalon_pio 16.1]
Progress: Parameterizing module camera_input_1
Progress: Adding camera_input_2 [altera_avalon_pio 16.1]
Progress: Parameterizing module camera_input_2
Progress: Adding camera_input_3 [altera_avalon_pio 16.1]
Progress: Parameterizing module camera_input_3
Progress: Adding camera_input_4 [altera_avalon_pio 16.1]
Progress: Parameterizing module camera_input_4
Progress: Adding camera_input_5 [altera_avalon_pio 16.1]
Progress: Parameterizing module camera_input_5
Progress: Adding camera_input_6 [altera_avalon_pio 16.1]
Progress: Parameterizing module camera_input_6
Progress: Adding camera_input_7 [altera_avalon_pio 16.1]
Progress: Parameterizing module camera_input_7
Progress: Adding camera_input_8 [altera_avalon_pio 16.1]
Progress: Parameterizing module camera_input_8
Progress: Adding camera_input_9 [altera_avalon_pio 16.1]
Progress: Parameterizing module camera_input_9
Progress: Adding clk_0 [clock_source 16.1]
Progress: Parameterizing module clk_0
Progress: Adding jtag_uart_0 [altera_avalon_jtag_uart 16.1]
Progress: Parameterizing module jtag_uart_0
Progress: Adding nios2_gen2_0 [altera_nios2_gen2 16.1]
Progress: Parameterizing module nios2_gen2_0
Progress: Adding onchip_memory2_0 [altera_avalon_onchip_memory2 16.1]
Progress: Parameterizing module onchip_memory2_0
Progress: Building connections
Progress: Parameterizing connections
Progress: Validating
Progress: Done reading input file
Info: camerametnios.camera_input_0: PIO inputs are not hardwired in test bench. Undefined values will be read from PIO inputs during simulation.
Info: camerametnios.camera_input_1: PIO inputs are not hardwired in test bench. Undefined values will be read from PIO inputs during simulation.
Info: camerametnios.camera_input_2: PIO inputs are not hardwired in test bench. Undefined values will be read from PIO inputs during simulation.
Info: camerametnios.camera_input_3: PIO inputs are not hardwired in test bench. Undefined values will be read from PIO inputs during simulation.
Info: camerametnios.camera_input_4: PIO inputs are not hardwired in test bench. Undefined values will be read from PIO inputs during simulation.
Info: camerametnios.camera_input_5: PIO inputs are not hardwired in test bench. Undefined values will be read from PIO inputs during simulation.
Info: camerametnios.camera_input_6: PIO inputs are not hardwired in test bench. Undefined values will be read from PIO inputs during simulation.
Info: camerametnios.camera_input_7: PIO inputs are not hardwired in test bench. Undefined values will be read from PIO inputs during simulation.
Info: camerametnios.camera_input_8: PIO inputs are not hardwired in test bench. Undefined values will be read from PIO inputs during simulation.
Info: camerametnios.camera_input_9: PIO inputs are not hardwired in test bench. Undefined values will be read from PIO inputs during simulation.
Info: camerametnios.jtag_uart_0: JTAG UART IP input clock need to be at least double (2x) the operating frequency of JTAG TCK on board
Info: camerametnios: Generating camerametnios "camerametnios" for QUARTUS_SYNTH
Info: camera_input_0: Starting RTL generation for module 'camerametnios_camera_input_0'
Info: camera_input_0:   Generation command is [exec C:/users/jasper/desktop/vhdl/quartuslitefiles/quartus/bin64/perl/bin/perl.exe -I C:/users/jasper/desktop/vhdl/quartuslitefiles/quartus/bin64/perl/lib -I C:/users/jasper/desktop/vhdl/quartuslitefiles/quartus/sopc_builder/bin/europa -I C:/users/jasper/desktop/vhdl/quartuslitefiles/quartus/sopc_builder/bin/perl_lib -I C:/users/jasper/desktop/vhdl/quartuslitefiles/quartus/sopc_builder/bin -I C:/users/jasper/desktop/vhdl/quartuslitefiles/quartus/../ip/altera/sopc_builder_ip/common -I C:/users/jasper/desktop/vhdl/quartuslitefiles/quartus/../ip/altera/sopc_builder_ip/altera_avalon_pio -- C:/users/jasper/desktop/vhdl/quartuslitefiles/quartus/../ip/altera/sopc_builder_ip/altera_avalon_pio/generate_rtl.pl --name=camerametnios_camera_input_0 --dir=C:/Users/jasper/AppData/Local/Temp/alt8039_8126774974534320465.dir/0001_camera_input_0_gen/ --quartus_dir=C:/users/jasper/desktop/vhdl/quartuslitefiles/quartus --verilog --config=C:/Users/jasper/AppData/Local/Temp/alt8039_8126774974534320465.dir/0001_camera_input_0_gen//camerametnios_camera_input_0_component_configuration.pl  --do_build_sim=0  ]
Info: camera_input_0: Done RTL generation for module 'camerametnios_camera_input_0'
Info: camera_input_0: "camerametnios" instantiated altera_avalon_pio "camera_input_0"
Info: jtag_uart_0: Starting RTL generation for module 'camerametnios_jtag_uart_0'
Info: jtag_uart_0:   Generation command is [exec C:/users/jasper/desktop/vhdl/quartuslitefiles/quartus/bin64/perl/bin/perl.exe -I C:/users/jasper/desktop/vhdl/quartuslitefiles/quartus/bin64/perl/lib -I C:/users/jasper/desktop/vhdl/quartuslitefiles/quartus/sopc_builder/bin/europa -I C:/users/jasper/desktop/vhdl/quartuslitefiles/quartus/sopc_builder/bin/perl_lib -I C:/users/jasper/desktop/vhdl/quartuslitefiles/quartus/sopc_builder/bin -I C:/users/jasper/desktop/vhdl/quartuslitefiles/quartus/../ip/altera/sopc_builder_ip/common -I C:/users/jasper/desktop/vhdl/quartuslitefiles/quartus/../ip/altera/sopc_builder_ip/altera_avalon_jtag_uart -- C:/users/jasper/desktop/vhdl/quartuslitefiles/quartus/../ip/altera/sopc_builder_ip/altera_avalon_jtag_uart/generate_rtl.pl --name=camerametnios_jtag_uart_0 --dir=C:/Users/jasper/AppData/Local/Temp/alt8039_8126774974534320465.dir/0002_jtag_uart_0_gen/ --quartus_dir=C:/users/jasper/desktop/vhdl/quartuslitefiles/quartus --verilog --config=C:/Users/jasper/AppData/Local/Temp/alt8039_8126774974534320465.dir/0002_jtag_uart_0_gen//camerametnios_jtag_uart_0_component_configuration.pl  --do_build_sim=0  ]
Info: jtag_uart_0: Done RTL generation for module 'camerametnios_jtag_uart_0'
Info: jtag_uart_0: "camerametnios" instantiated altera_avalon_jtag_uart "jtag_uart_0"
Info: nios2_gen2_0: "camerametnios" instantiated altera_nios2_gen2 "nios2_gen2_0"
Info: onchip_memory2_0: Starting RTL generation for module 'camerametnios_onchip_memory2_0'
Info: onchip_memory2_0:   Generation command is [exec C:/users/jasper/desktop/vhdl/quartuslitefiles/quartus/bin64/perl/bin/perl.exe -I C:/users/jasper/desktop/vhdl/quartuslitefiles/quartus/bin64/perl/lib -I C:/users/jasper/desktop/vhdl/quartuslitefiles/quartus/sopc_builder/bin/europa -I C:/users/jasper/desktop/vhdl/quartuslitefiles/quartus/sopc_builder/bin/perl_lib -I C:/users/jasper/desktop/vhdl/quartuslitefiles/quartus/sopc_builder/bin -I C:/users/jasper/desktop/vhdl/quartuslitefiles/quartus/../ip/altera/sopc_builder_ip/common -I C:/users/jasper/desktop/vhdl/quartuslitefiles/quartus/../ip/altera/sopc_builder_ip/altera_avalon_onchip_memory2 -- C:/users/jasper/desktop/vhdl/quartuslitefiles/quartus/../ip/altera/sopc_builder_ip/altera_avalon_onchip_memory2/generate_rtl.pl --name=camerametnios_onchip_memory2_0 --dir=C:/Users/jasper/AppData/Local/Temp/alt8039_8126774974534320465.dir/0003_onchip_memory2_0_gen/ --quartus_dir=C:/users/jasper/desktop/vhdl/quartuslitefiles/quartus --verilog --config=C:/Users/jasper/AppData/Local/Temp/alt8039_8126774974534320465.dir/0003_onchip_memory2_0_gen//camerametnios_onchip_memory2_0_component_configuration.pl  --do_build_sim=0  ]
Info: onchip_memory2_0: Done RTL generation for module 'camerametnios_onchip_memory2_0'
Info: onchip_memory2_0: "camerametnios" instantiated altera_avalon_onchip_memory2 "onchip_memory2_0"
Info: avalon_st_adapter: Inserting error_adapter: error_adapter_0
Info: avalon_st_adapter_001: Inserting error_adapter: error_adapter_0
Info: avalon_st_adapter_002: Inserting error_adapter: error_adapter_0
Info: avalon_st_adapter_003: Inserting error_adapter: error_adapter_0
Info: avalon_st_adapter_004: Inserting error_adapter: error_adapter_0
Info: avalon_st_adapter_005: Inserting error_adapter: error_adapter_0
Info: avalon_st_adapter_006: Inserting error_adapter: error_adapter_0
Info: avalon_st_adapter_007: Inserting error_adapter: error_adapter_0
Info: avalon_st_adapter_008: Inserting error_adapter: error_adapter_0
Info: avalon_st_adapter_009: Inserting error_adapter: error_adapter_0
Info: avalon_st_adapter_010: Inserting error_adapter: error_adapter_0
Info: avalon_st_adapter_011: Inserting error_adapter: error_adapter_0
Info: avalon_st_adapter_012: Inserting error_adapter: error_adapter_0
Info: mm_interconnect_0: "camerametnios" instantiated altera_mm_interconnect "mm_interconnect_0"
Info: irq_mapper: "camerametnios" instantiated altera_irq_mapper "irq_mapper"
Info: rst_controller: "camerametnios" instantiated altera_reset_controller "rst_controller"
Info: cpu: Starting RTL generation for module 'camerametnios_nios2_gen2_0_cpu'
Info: cpu:   Generation command is [exec C:/Users/jasper/Desktop/VHDL/quartusLiteFiles/quartus/bin64//eperlcmd.exe -I C:/Users/jasper/Desktop/VHDL/quartusLiteFiles/quartus/bin64//perl/lib -I C:/users/jasper/desktop/vhdl/quartuslitefiles/quartus/sopc_builder/bin/europa -I C:/users/jasper/desktop/vhdl/quartuslitefiles/quartus/sopc_builder/bin/perl_lib -I C:/users/jasper/desktop/vhdl/quartuslitefiles/quartus/sopc_builder/bin -I C:/users/jasper/desktop/vhdl/quartuslitefiles/quartus/../ip/altera/nios2_ip/altera_nios2_gen2/cpu_lib -I C:/users/jasper/desktop/vhdl/quartuslitefiles/quartus/../ip/altera/nios2_ip/altera_nios2_gen2/nios_lib -I C:/users/jasper/desktop/vhdl/quartuslitefiles/quartus/../ip/altera/nios2_ip/altera_nios2_gen2 -I C:/users/jasper/desktop/vhdl/quartuslitefiles/quartus/../ip/altera/nios2_ip/altera_nios2_gen2 -- C:/users/jasper/desktop/vhdl/quartuslitefiles/quartus/../ip/altera/nios2_ip/altera_nios2_gen2/generate_rtl.epl --name=camerametnios_nios2_gen2_0_cpu --dir=C:/Users/jasper/AppData/Local/Temp/alt8039_8126774974534320465.dir/0006_cpu_gen/ --quartus_bindir=C:/Users/jasper/Desktop/VHDL/quartusLiteFiles/quartus/bin64/ --verilog --config=C:/Users/jasper/AppData/Local/Temp/alt8039_8126774974534320465.dir/0006_cpu_gen//camerametnios_nios2_gen2_0_cpu_processor_configuration.pl  --do_build_sim=0  ]
Info: cpu: # 2019.05.23 15:17:52 (*) Starting Nios II generation
Info: cpu: # 2019.05.23 15:17:52 (*)   Checking for plaintext license.
Info: cpu: # 2019.05.23 15:17:53 (*)   Couldn't query license setup in Quartus directory C:/Users/jasper/Desktop/VHDL/quartusLiteFiles/quartus/bin64/
Info: cpu: # 2019.05.23 15:17:53 (*)   Defaulting to contents of LM_LICENSE_FILE environment variable
Info: cpu: # 2019.05.23 15:17:53 (*)   LM_LICENSE_FILE environment variable is empty
Info: cpu: # 2019.05.23 15:17:53 (*)   Plaintext license not found.
Info: cpu: # 2019.05.23 15:17:53 (*)   Checking for encrypted license (non-evaluation).
Info: cpu: # 2019.05.23 15:17:54 (*)   Couldn't query license setup in Quartus directory C:/Users/jasper/Desktop/VHDL/quartusLiteFiles/quartus/bin64/
Info: cpu: # 2019.05.23 15:17:54 (*)   Defaulting to contents of LM_LICENSE_FILE environment variable
Info: cpu: # 2019.05.23 15:17:54 (*)   LM_LICENSE_FILE environment variable is empty
Info: cpu: # 2019.05.23 15:17:54 (*)   Encrypted license not found.  Defaulting to OCP evaluation license (produces a time-limited SOF)
Info: cpu: # 2019.05.23 15:17:54 (*)   Elaborating CPU configuration settings
Info: cpu: # 2019.05.23 15:17:54 (*)   Creating all objects for CPU
Info: cpu: # 2019.05.23 15:17:54 (*)     Testbench
Info: cpu: # 2019.05.23 15:17:55 (*)     Instruction decoding
Info: cpu: # 2019.05.23 15:17:55 (*)       Instruction fields
Info: cpu: # 2019.05.23 15:17:55 (*)       Instruction decodes
Info: cpu: # 2019.05.23 15:17:55 (*)       Signals for RTL simulation waveforms
Info: cpu: # 2019.05.23 15:17:55 (*)       Instruction controls
Info: cpu: # 2019.05.23 15:17:55 (*)     Pipeline frontend
Info: cpu: # 2019.05.23 15:17:56 (*)     Pipeline backend
Info: cpu: # 2019.05.23 15:17:59 (*)   Generating RTL from CPU objects
Info: cpu: # 2019.05.23 15:18:01 (*)   Creating encrypted RTL
Info: cpu: # 2019.05.23 15:18:02 (*) Done Nios II generation
Info: cpu: Done RTL generation for module 'camerametnios_nios2_gen2_0_cpu'
Info: cpu: "nios2_gen2_0" instantiated altera_nios2_gen2_unit "cpu"
Info: nios2_gen2_0_data_master_translator: "mm_interconnect_0" instantiated altera_merlin_master_translator "nios2_gen2_0_data_master_translator"
Info: jtag_uart_0_avalon_jtag_slave_translator: "mm_interconnect_0" instantiated altera_merlin_slave_translator "jtag_uart_0_avalon_jtag_slave_translator"
Info: nios2_gen2_0_data_master_agent: "mm_interconnect_0" instantiated altera_merlin_master_agent "nios2_gen2_0_data_master_agent"
Info: jtag_uart_0_avalon_jtag_slave_agent: "mm_interconnect_0" instantiated altera_merlin_slave_agent "jtag_uart_0_avalon_jtag_slave_agent"
Info: jtag_uart_0_avalon_jtag_slave_agent_rsp_fifo: "mm_interconnect_0" instantiated altera_avalon_sc_fifo "jtag_uart_0_avalon_jtag_slave_agent_rsp_fifo"
Info: router: "mm_interconnect_0" instantiated altera_merlin_router "router"
Info: router_001: "mm_interconnect_0" instantiated altera_merlin_router "router_001"
Info: router_002: "mm_interconnect_0" instantiated altera_merlin_router "router_002"
Info: router_003: "mm_interconnect_0" instantiated altera_merlin_router "router_003"
Info: nios2_gen2_0_data_master_limiter: "mm_interconnect_0" instantiated altera_merlin_traffic_limiter "nios2_gen2_0_data_master_limiter"
Info: Reusing file C:/Users/jasper/Desktop/VHDL/quartusLiteFiles/Projecten/KBSESA2V6/digital_cam_impl1/camerametnios/synthesis/submodules/altera_avalon_sc_fifo.v
Info: cmd_demux: "mm_interconnect_0" instantiated altera_merlin_demultiplexer "cmd_demux"
Info: cmd_demux_001: "mm_interconnect_0" instantiated altera_merlin_demultiplexer "cmd_demux_001"
Info: cmd_mux: "mm_interconnect_0" instantiated altera_merlin_multiplexer "cmd_mux"
Info: cmd_mux_001: "mm_interconnect_0" instantiated altera_merlin_multiplexer "cmd_mux_001"
Info: Reusing file C:/Users/jasper/Desktop/VHDL/quartusLiteFiles/Projecten/KBSESA2V6/digital_cam_impl1/camerametnios/synthesis/submodules/altera_merlin_arbitrator.sv
Info: rsp_demux: "mm_interconnect_0" instantiated altera_merlin_demultiplexer "rsp_demux"
Info: rsp_demux_001: "mm_interconnect_0" instantiated altera_merlin_demultiplexer "rsp_demux_001"
Info: rsp_mux: "mm_interconnect_0" instantiated altera_merlin_multiplexer "rsp_mux"
Info: Reusing file C:/Users/jasper/Desktop/VHDL/quartusLiteFiles/Projecten/KBSESA2V6/digital_cam_impl1/camerametnios/synthesis/submodules/altera_merlin_arbitrator.sv
Info: rsp_mux_001: "mm_interconnect_0" instantiated altera_merlin_multiplexer "rsp_mux_001"
Info: Reusing file C:/Users/jasper/Desktop/VHDL/quartusLiteFiles/Projecten/KBSESA2V6/digital_cam_impl1/camerametnios/synthesis/submodules/altera_merlin_arbitrator.sv
Info: avalon_st_adapter: "mm_interconnect_0" instantiated altera_avalon_st_adapter "avalon_st_adapter"
Info: error_adapter_0: "avalon_st_adapter" instantiated error_adapter "error_adapter_0"
Info: camerametnios: Done "camerametnios" with 29 modules, 49 files
Info: qsys-generate succeeded.
Info: Finished: Create HDL design files for synthesis
